Using pre-set license
Built from '2020.3/staging' branch; Version is '2020.3.0f1 (c7b5465681fb) revision 13088070'; Using compiler version '192528614'; Build Type 'Release'
OS: 'Windows 10 Pro; OS build 19043.1237; Version 2009; 64bit' Language: 'ko' Physical Memory: 16233 MB
BatchMode: 1, IsHumanControllingUs: 0, StartBugReporterOnCrash: 0, Is64bit: 1, IsPro: 0

 COMMAND LINE ARGUMENTS:
C:\Program Files\Unity\Hub\Editor\2020.3.0f1\Editor\Unity.exe
-adb2
-batchMode
-noUpm
-name
AssetImportWorker0
-projectPath
F:/Unity/NetWork
-logFile
Logs/AssetImportWorker0.log
-srvPort
63201
Successfully changed project path to: F:/Unity/NetWork
F:/Unity/NetWork
Using Asset Import Pipeline V2.
Refreshing native plugins compatible for Editor in 35.44 ms, found 1 plugins.
Preloading 0 native plugins for Editor in 0.00 ms.
Initialize engine version: 2020.3.0f1 (c7b5465681fb)
[Subsystems] Discovering subsystems at path C:/Program Files/Unity/Hub/Editor/2020.3.0f1/Editor/Data/Resources/UnitySubsystems
[Subsystems] Discovering subsystems at path F:/Unity/NetWork/Assets
GfxDevice: creating device client; threaded=0
Direct3D:
    Version:  Direct3D 11.0 [level 11.1]
    Renderer: NVIDIA GeForce RTX 2060 (ID=0x1f11)
    Vendor:   
    VRAM:     5980 MB
    Driver:   27.21.14.6192
Initialize mono
Mono path[0] = 'C:/Program Files/Unity/Hub/Editor/2020.3.0f1/Editor/Data/Managed'
Mono path[1] = 'C:/Program Files/Unity/Hub/Editor/2020.3.0f1/Editor/Data/MonoBleedingEdge/lib/mono/unityjit'
Mono config path = 'C:/Program Files/Unity/Hub/Editor/2020.3.0f1/Editor/Data/MonoBleedingEdge/etc'
Using monoOptions --debugger-agent=transport=dt_socket,embedding=1,server=y,suspend=n,address=127.0.0.1:56732
Begin MonoManager ReloadAssembly
Registering precompiled unity dll's ...
Register platform support module: C:/Program Files/Unity/Hub/Editor/2020.3.0f1/Editor/Data/PlaybackEngines/WindowsStandaloneSupport/UnityEditor.WindowsStandalone.Extensions.dll
Registered in 0.002008 seconds.
Native extension for WindowsStandalone target not found
Refreshing native plugins compatible for Editor in 36.42 ms, found 1 plugins.
Preloading 0 native plugins for Editor in 0.00 ms.
Invoked RoslynAnalysisRunner static constructor.
RoslynAnalysisRunner will not be running.
RoslynAnalysisRunner has terminated.
Mono: successfully reloaded assembly
- Completed reload, in  1.901 seconds
Platform modules already initialized, skipping
Registering precompiled user dll's ...
Registered in 0.000824 seconds.
Begin MonoManager ReloadAssembly
Native extension for WindowsStandalone target not found
Refreshing native plugins compatible for Editor in 37.89 ms, found 1 plugins.
Preloading 0 native plugins for Editor in 0.00 ms.
Invoked RoslynAnalysisRunner static constructor.
RoslynAnalysisRunner will not be running.
RoslynAnalysisRunner has terminated.
Mono: successfully reloaded assembly
- Completed reload, in  1.090 seconds
Platform modules already initialized, skipping
========================================================================
Worker process is ready to serve import requests
Launched and connected shader compiler UnityShaderCompiler.exe after 0.05 seconds
Refreshing native plugins compatible for Editor in 0.35 ms, found 1 plugins.
Preloading 0 native plugins for Editor in 0.00 ms.
Unloading 1809 Unused Serialized files (Serialized files now loaded: 0)
System memory in use before: 84.7 MB.
System memory in use after: 84.6 MB.

Unloading 24 unused Assets to reduce memory usage. Loaded Objects now: 2252.
Total: 2.172700 ms (FindLiveObjects: 0.197900 ms CreateObjectMapping: 0.084700 ms MarkObjects: 1.755000 ms  DeleteObjects: 0.133800 ms)

========================================================================
Received Import Request.
  path: Assets/Scripts/Player.cs
  artifactKey: Guid(a3bdadbab07003443862a121ad25cec5) Importer(815301076,1909f56bfc062723c751e8b465ee728b)
Start importing Assets/Scripts/Player.cs using Guid(a3bdadbab07003443862a121ad25cec5) Importer(815301076,1909f56bfc062723c751e8b465ee728b)  -> (artifact id: '2830fb5cda8dcdeb4f1a626238589983') in 0.055389 seconds
  Import took 0.059154 seconds .

========================================================================
Received Import Request.
  Time since last request: 102.704159 seconds.
  path: Assets/Scripts/GameManager.cs
  artifactKey: Guid(b3828ecbc9c8321499d01df670985fc6) Importer(815301076,1909f56bfc062723c751e8b465ee728b)
Start importing Assets/Scripts/GameManager.cs using Guid(b3828ecbc9c8321499d01df670985fc6) Importer(815301076,1909f56bfc062723c751e8b465ee728b)  -> (artifact id: '5d81d07bf9b8c21464a868f3ca802c10') in 0.005628 seconds
  Import took 0.008455 seconds .

========================================================================
Received Prepare
Registering precompiled user dll's ...
Registered in 0.001034 seconds.
Begin MonoManager ReloadAssembly
Native extension for WindowsStandalone target not found
Refreshing native plugins compatible for Editor in 0.34 ms, found 1 plugins.
Preloading 0 native plugins for Editor in 0.00 ms.
Invoked RoslynAnalysisRunner static constructor.
RoslynAnalysisRunner will not be running.
RoslynAnalysisRunner has terminated.
Mono: successfully reloaded assembly
- Completed reload, in  0.905 seconds
Platform modules already initialized, skipping
Refreshing native plugins compatible for Editor in 0.32 ms, found 1 plugins.
Preloading 0 native plugins for Editor in 0.00 ms.
Unloading 1804 Unused Serialized files (Serialized files now loaded: 0)
System memory in use before: 84.6 MB.
System memory in use after: 84.6 MB.

Unloading 12 unused Assets to reduce memory usage. Loaded Objects now: 2256.
Total: 1.946500 ms (FindLiveObjects: 0.185400 ms CreateObjectMapping: 0.075700 ms MarkObjects: 1.593300 ms  DeleteObjects: 0.091200 ms)

========================================================================
Received Import Request.
  Time since last request: 103.610224 seconds.
  path: Assets/Scripts/UnitControl.cs
  artifactKey: Guid(0651ee418ecfa364ab8d2b656e9b96d1) Importer(815301076,1909f56bfc062723c751e8b465ee728b)
Start importing Assets/Scripts/UnitControl.cs using Guid(0651ee418ecfa364ab8d2b656e9b96d1) Importer(815301076,1909f56bfc062723c751e8b465ee728b)  -> (artifact id: '750320cd8f32b6c246ef969ac6758c5f') in 0.007587 seconds
  Import took 0.027868 seconds .

========================================================================
Received Import Request.
  Time since last request: 252.024832 seconds.
  path: Assets/Scripts/UnitControl.cs
  artifactKey: Guid(0651ee418ecfa364ab8d2b656e9b96d1) Importer(815301076,1909f56bfc062723c751e8b465ee728b)
Start importing Assets/Scripts/UnitControl.cs using Guid(0651ee418ecfa364ab8d2b656e9b96d1) Importer(815301076,1909f56bfc062723c751e8b465ee728b)  -> (artifact id: 'f8c4c26f1544b61db3a6b2560bdc1845') in 0.001831 seconds
  Import took 0.004814 seconds .

========================================================================
Received Prepare
Registering precompiled user dll's ...
Registered in 0.000712 seconds.
Begin MonoManager ReloadAssembly
Native extension for WindowsStandalone target not found
Refreshing native plugins compatible for Editor in 0.36 ms, found 1 plugins.
Preloading 0 native plugins for Editor in 0.00 ms.
Invoked RoslynAnalysisRunner static constructor.
RoslynAnalysisRunner will not be running.
RoslynAnalysisRunner has terminated.
Mono: successfully reloaded assembly
- Completed reload, in  0.783 seconds
Platform modules already initialized, skipping
Refreshing native plugins compatible for Editor in 0.35 ms, found 1 plugins.
Preloading 0 native plugins for Editor in 0.00 ms.
Unloading 1804 Unused Serialized files (Serialized files now loaded: 0)
System memory in use before: 84.7 MB.
System memory in use after: 84.7 MB.

Unloading 12 unused Assets to reduce memory usage. Loaded Objects now: 2260.
Total: 1.853100 ms (FindLiveObjects: 0.189700 ms CreateObjectMapping: 0.066100 ms MarkObjects: 1.489000 ms  DeleteObjects: 0.107200 ms)

========================================================================
Received Import Request.
  Time since last request: 622.091340 seconds.
  path: Assets/Scripts/UnitControl.cs
  artifactKey: Guid(0651ee418ecfa364ab8d2b656e9b96d1) Importer(815301076,1909f56bfc062723c751e8b465ee728b)
Start importing Assets/Scripts/UnitControl.cs using Guid(0651ee418ecfa364ab8d2b656e9b96d1) Importer(815301076,1909f56bfc062723c751e8b465ee728b)  -> (artifact id: 'cc61709957a360e08c4b85e7cbcf10c9') in 0.026201 seconds
  Import took 0.029079 seconds .

========================================================================
Received Prepare
Registering precompiled user dll's ...
Registered in 0.000680 seconds.
Begin MonoManager ReloadAssembly
Native extension for WindowsStandalone target not found
Refreshing native plugins compatible for Editor in 0.36 ms, found 1 plugins.
Preloading 0 native plugins for Editor in 0.00 ms.
Invoked RoslynAnalysisRunner static constructor.
RoslynAnalysisRunner will not be running.
RoslynAnalysisRunner has terminated.
Mono: successfully reloaded assembly
- Completed reload, in  0.771 seconds
Platform modules already initialized, skipping
Refreshing native plugins compatible for Editor in 0.37 ms, found 1 plugins.
Preloading 0 native plugins for Editor in 0.00 ms.
Unloading 1804 Unused Serialized files (Serialized files now loaded: 0)
System memory in use before: 84.7 MB.
System memory in use after: 84.7 MB.

Unloading 12 unused Assets to reduce memory usage. Loaded Objects now: 2264.
Total: 2.337000 ms (FindLiveObjects: 0.349600 ms CreateObjectMapping: 0.131200 ms MarkObjects: 1.740500 ms  DeleteObjects: 0.114300 ms)

========================================================================
Received Prepare
Registering precompiled user dll's ...
Registered in 0.000714 seconds.
Begin MonoManager ReloadAssembly
Native extension for WindowsStandalone target not found
Refreshing native plugins compatible for Editor in 0.33 ms, found 1 plugins.
Preloading 0 native plugins for Editor in 0.00 ms.
Invoked RoslynAnalysisRunner static constructor.
RoslynAnalysisRunner will not be running.
RoslynAnalysisRunner has terminated.
Mono: successfully reloaded assembly
- Completed reload, in  0.763 seconds
Platform modules already initialized, skipping
Refreshing native plugins compatible for Editor in 0.33 ms, found 1 plugins.
Preloading 0 native plugins for Editor in 0.00 ms.
Unloading 1804 Unused Serialized files (Serialized files now loaded: 0)
System memory in use before: 84.7 MB.
System memory in use after: 84.7 MB.

Unloading 12 unused Assets to reduce memory usage. Loaded Objects now: 2268.
Total: 2.006700 ms (FindLiveObjects: 0.221600 ms CreateObjectMapping: 0.063900 ms MarkObjects: 1.611400 ms  DeleteObjects: 0.108900 ms)

========================================================================
Received Import Request.
  Time since last request: 157.205310 seconds.
  path: Assets/Scripts/UnitControl.cs
  artifactKey: Guid(0651ee418ecfa364ab8d2b656e9b96d1) Importer(815301076,1909f56bfc062723c751e8b465ee728b)
Start importing Assets/Scripts/UnitControl.cs using Guid(0651ee418ecfa364ab8d2b656e9b96d1) Importer(815301076,1909f56bfc062723c751e8b465ee728b)  -> (artifact id: 'a11939ab08a5128a57982e28ca01b0b0') in 0.003510 seconds
  Import took 0.026583 seconds .

AssetImportWorkerClient::OnTransportError - code=2 error=End of file
