Using pre-set license
Built from '2020.3/staging' branch; Version is '2020.3.0f1 (c7b5465681fb) revision 13088070'; Using compiler version '192528614'; Build Type 'Release'
OS: 'Windows 10 Pro; OS build 19043.1237; Version 2009; 64bit' Language: 'ko' Physical Memory: 16233 MB
BatchMode: 1, IsHumanControllingUs: 0, StartBugReporterOnCrash: 0, Is64bit: 1, IsPro: 0

 COMMAND LINE ARGUMENTS:
C:\Program Files\Unity\Hub\Editor\2020.3.0f1\Editor\Unity.exe
-adb2
-batchMode
-noUpm
-name
AssetImportWorker0
-projectPath
F:/Unity/NetWork
-logFile
Logs/AssetImportWorker0.log
-srvPort
54049
Successfully changed project path to: F:/Unity/NetWork
F:/Unity/NetWork
Using Asset Import Pipeline V2.
Refreshing native plugins compatible for Editor in 35.37 ms, found 1 plugins.
Preloading 0 native plugins for Editor in 0.00 ms.
Initialize engine version: 2020.3.0f1 (c7b5465681fb)
[Subsystems] Discovering subsystems at path C:/Program Files/Unity/Hub/Editor/2020.3.0f1/Editor/Data/Resources/UnitySubsystems
[Subsystems] Discovering subsystems at path F:/Unity/NetWork/Assets
GfxDevice: creating device client; threaded=0
Direct3D:
    Version:  Direct3D 11.0 [level 11.1]
    Renderer: NVIDIA GeForce RTX 2060 (ID=0x1f11)
    Vendor:   
    VRAM:     5980 MB
    Driver:   27.21.14.6192
Initialize mono
Mono path[0] = 'C:/Program Files/Unity/Hub/Editor/2020.3.0f1/Editor/Data/Managed'
Mono path[1] = 'C:/Program Files/Unity/Hub/Editor/2020.3.0f1/Editor/Data/MonoBleedingEdge/lib/mono/unityjit'
Mono config path = 'C:/Program Files/Unity/Hub/Editor/2020.3.0f1/Editor/Data/MonoBleedingEdge/etc'
Using monoOptions --debugger-agent=transport=dt_socket,embedding=1,server=y,suspend=n,address=127.0.0.1:56648
Begin MonoManager ReloadAssembly
Registering precompiled unity dll's ...
Register platform support module: C:/Program Files/Unity/Hub/Editor/2020.3.0f1/Editor/Data/PlaybackEngines/WindowsStandaloneSupport/UnityEditor.WindowsStandalone.Extensions.dll
Registered in 0.001746 seconds.
Native extension for WindowsStandalone target not found
Refreshing native plugins compatible for Editor in 33.05 ms, found 1 plugins.
Preloading 0 native plugins for Editor in 0.00 ms.
Invoked RoslynAnalysisRunner static constructor.
RoslynAnalysisRunner will not be running.
RoslynAnalysisRunner has terminated.
Mono: successfully reloaded assembly
- Completed reload, in  1.645 seconds
Platform modules already initialized, skipping
Registering precompiled user dll's ...
Registered in 0.000692 seconds.
Begin MonoManager ReloadAssembly
Native extension for WindowsStandalone target not found
Refreshing native plugins compatible for Editor in 32.59 ms, found 1 plugins.
Preloading 0 native plugins for Editor in 0.00 ms.
Invoked RoslynAnalysisRunner static constructor.
RoslynAnalysisRunner will not be running.
RoslynAnalysisRunner has terminated.
Mono: successfully reloaded assembly
- Completed reload, in  0.822 seconds
Platform modules already initialized, skipping
========================================================================
Worker process is ready to serve import requests
Launched and connected shader compiler UnityShaderCompiler.exe after 0.13 seconds
Refreshing native plugins compatible for Editor in 0.34 ms, found 1 plugins.
Preloading 0 native plugins for Editor in 0.00 ms.
Unloading 1809 Unused Serialized files (Serialized files now loaded: 0)
System memory in use before: 84.7 MB.
System memory in use after: 84.6 MB.

Unloading 24 unused Assets to reduce memory usage. Loaded Objects now: 2252.
Total: 1.926700 ms (FindLiveObjects: 0.153800 ms CreateObjectMapping: 0.059300 ms MarkObjects: 1.594600 ms  DeleteObjects: 0.118400 ms)

========================================================================
Received Import Request.
  path: Assets/Scripts/UnitControl.cs
  artifactKey: Guid(0651ee418ecfa364ab8d2b656e9b96d1) Importer(815301076,1909f56bfc062723c751e8b465ee728b)
Start importing Assets/Scripts/UnitControl.cs using Guid(0651ee418ecfa364ab8d2b656e9b96d1) Importer(815301076,1909f56bfc062723c751e8b465ee728b)  -> (artifact id: '4ee079041cc2c9f9826120a6937b78ba') in 0.027750 seconds
  Import took 0.030357 seconds .

========================================================================
Received Import Request.
  Time since last request: 3174.871427 seconds.
  path: Assets/Scripts/SocketModule.cs
  artifactKey: Guid(ed72718d720664444bbfd3e164c0c456) Importer(815301076,1909f56bfc062723c751e8b465ee728b)
Start importing Assets/Scripts/SocketModule.cs using Guid(ed72718d720664444bbfd3e164c0c456) Importer(815301076,1909f56bfc062723c751e8b465ee728b)  -> (artifact id: 'c6d06d80e155dcd706d0cb51571d9b90') in 0.008750 seconds
  Import took 0.012067 seconds .

========================================================================
Received Import Request.
  Time since last request: 131.628836 seconds.
  path: Assets/Scripts/SocketModule.cs
  artifactKey: Guid(ed72718d720664444bbfd3e164c0c456) Importer(815301076,1909f56bfc062723c751e8b465ee728b)
Start importing Assets/Scripts/SocketModule.cs using Guid(ed72718d720664444bbfd3e164c0c456) Importer(815301076,1909f56bfc062723c751e8b465ee728b)  -> (artifact id: '3a2478d5b855d8bd13792f6060fa3360') in 0.001848 seconds
  Import took 0.004744 seconds .

========================================================================
Received Import Request.
  Time since last request: 75.485860 seconds.
  path: Assets/Scripts/SocketModule.cs
  artifactKey: Guid(ed72718d720664444bbfd3e164c0c456) Importer(815301076,1909f56bfc062723c751e8b465ee728b)
Start importing Assets/Scripts/SocketModule.cs using Guid(ed72718d720664444bbfd3e164c0c456) Importer(815301076,1909f56bfc062723c751e8b465ee728b)  -> (artifact id: 'f3bcea07da36e5cee01b91ad94aaed8c') in 0.117974 seconds
  Import took 0.131382 seconds .

========================================================================
Received Import Request.
  Time since last request: 948.678911 seconds.
  path: Assets/Scripts/SocketModule.cs
  artifactKey: Guid(ed72718d720664444bbfd3e164c0c456) Importer(815301076,1909f56bfc062723c751e8b465ee728b)
Start importing Assets/Scripts/SocketModule.cs using Guid(ed72718d720664444bbfd3e164c0c456) Importer(815301076,1909f56bfc062723c751e8b465ee728b)  -> (artifact id: '82de92785efb45709b63dbbcf415113e') in 0.003914 seconds
  Import took 0.007927 seconds .

AssetImportWorkerClient::OnTransportError - code=2 error=End of file
